TN:
SF:/home/ubuntu/services/amqphelp/app/attachers/bind.js
FN:2,(anonymous_0)
FN:6,(anonymous_1)
FN:10,(anonymous_2)
FNF:3
FNH:0
FNDA:0,(anonymous_0)
FNDA:0,(anonymous_1)
FNDA:0,(anonymous_2)
DA:1,1
LF:1
LH:1
BRF:0
BRH:0
end_of_record
TN:
SF:/home/ubuntu/services/amqphelp/app/attachers/mongodb.js
FN:7,(anonymous_7)
FN:11,(anonymous_8)
FN:15,(anonymous_9)
FN:19,(anonymous_10)
FN:19,(anonymous_11)
FN:23,(anonymous_12)
FN:25,(anonymous_13)
FN:25,(anonymous_14)
FN:26,(anonymous_15)
FN:26,(anonymous_16)
FN:38,(anonymous_19)
FN:38,(anonymous_20)
FN:43,(anonymous_21)
FN:43,(anonymous_22)
FN:50,(anonymous_24)
FN:50,(anonymous_25)
FN:55,(anonymous_26)
FN:55,(anonymous_27)
FN:61,(anonymous_29)
FN:64,(anonymous_30)
FN:65,(anonymous_31)
FNF:21
FNH:21
FNDA:3,(anonymous_7)
FNDA:3,(anonymous_8)
FNDA:3,(anonymous_9)
FNDA:1,(anonymous_10)
FNDA:1,(anonymous_11)
FNDA:5,(anonymous_12)
FNDA:10,(anonymous_13)
FNDA:5,(anonymous_14)
FNDA:10,(anonymous_15)
FNDA:5,(anonymous_16)
FNDA:4,(anonymous_19)
FNDA:4,(anonymous_20)
FNDA:8,(anonymous_21)
FNDA:4,(anonymous_22)
FNDA:2,(anonymous_24)
FNDA:2,(anonymous_25)
FNDA:4,(anonymous_26)
FNDA:2,(anonymous_27)
FNDA:1,(anonymous_29)
FNDA:1,(anonymous_30)
FNDA:1,(anonymous_31)
DA:2,1
DA:3,1
DA:5,1
DA:8,3
DA:12,3
DA:16,3
DA:19,1
DA:20,1
DA:24,5
DA:25,15
DA:26,20
DA:28,5
DA:29,5
DA:30,5
DA:32,5
DA:33,5
DA:38,8
DA:40,4
DA:42,4
DA:43,16
DA:44,4
DA:46,4
DA:50,4
DA:52,2
DA:54,2
DA:55,8
DA:56,2
DA:62,1
DA:64,1
DA:65,1
DA:67,1
DA:68,1
DA:70,0
LF:33
LH:32
BRDA:42,0,0,4
BRDA:42,0,1,0
BRDA:54,1,0,2
BRDA:54,1,1,0
BRDA:67,2,0,1
BRDA:67,2,1,0
BRF:6
BRH:3
end_of_record
TN:
SF:/home/ubuntu/services/amqphelp/app/helpers/action.helper.js
FN:5,(anonymous_6)
FN:29,(anonymous_7)
FN:29,(anonymous_8)
FN:62,(anonymous_9)
FN:62,(anonymous_10)
FN:77,(anonymous_11)
FN:97,(anonymous_12)
FN:97,(anonymous_13)
FN:126,(anonymous_14)
FN:126,(anonymous_15)
FN:143,(anonymous_16)
FN:161,(anonymous_17)
FN:161,(anonymous_18)
FN:181,(anonymous_19)
FN:181,(anonymous_20)
FN:204,(anonymous_22)
FN:204,(anonymous_23)
FN:220,(anonymous_24)
FN:220,(anonymous_25)
FN:220,reply
FN:226,(anonymous_27)
FN:226,(anonymous_28)
FN:246,(anonymous_29)
FN:246,(anonymous_30)
FN:261,(anonymous_31)
FN:266,(anonymous_32)
FN:266,(anonymous_33)
FN:271,(anonymous_34)
FNF:28
FNH:19
FNDA:60,(anonymous_6)
FNDA:5,(anonymous_7)
FNDA:5,(anonymous_8)
FNDA:6,(anonymous_9)
FNDA:6,(anonymous_10)
FNDA:2,(anonymous_11)
FNDA:9,(anonymous_12)
FNDA:9,(anonymous_13)
FNDA:4,(anonymous_14)
FNDA:4,(anonymous_15)
FNDA:0,(anonymous_16)
FNDA:12,(anonymous_17)
FNDA:12,(anonymous_18)
FNDA:10,(anonymous_19)
FNDA:0,(anonymous_20)
FNDA:6,(anonymous_22)
FNDA:6,(anonymous_23)
FNDA:4,(anonymous_24)
FNDA:0,(anonymous_25)
FNDA:0,reply
FNDA:0,(anonymous_27)
FNDA:0,(anonymous_28)
FNDA:0,(anonymous_29)
FNDA:0,(anonymous_30)
FNDA:0,(anonymous_31)
FNDA:2,(anonymous_32)
FNDA:2,(anonymous_33)
FNDA:4,(anonymous_34)
DA:7,60
DA:10,60
DA:13,60
DA:16,60
DA:17,60
DA:18,60
DA:19,60
DA:29,10
DA:31,5
DA:32,1
DA:35,4
DA:37,4
DA:43,4
DA:45,4
DA:47,4
DA:49,4
DA:51,4
DA:53,4
DA:62,12
DA:64,6
DA:65,2
DA:68,4
DA:70,4
DA:76,4
DA:77,4
DA:78,2
DA:79,2
DA:80,2
DA:97,18
DA:99,9
DA:100,2
DA:103,7
DA:104,7
DA:110,7
DA:112,7
DA:114,7
DA:126,8
DA:128,4
DA:129,1
DA:132,3
DA:133,3
DA:139,3
DA:141,3
DA:143,3
DA:144,0
DA:146,0
DA:161,24
DA:163,12
DA:164,2
DA:167,10
DA:168,0
DA:171,10
DA:173,10
DA:179,10
DA:181,30
DA:182,0
DA:183,0
DA:184,0
DA:188,10
DA:190,10
DA:204,12
DA:205,6
DA:206,2
DA:209,4
DA:210,4
DA:216,4
DA:218,4
DA:220,12
DA:221,0
DA:226,0
DA:227,0
DA:229,0
DA:235,0
DA:237,0
DA:239,0
DA:241,0
DA:243,0
DA:246,0
DA:247,0
DA:249,0
DA:255,0
DA:257,0
DA:259,0
DA:261,0
DA:262,0
DA:266,4
DA:267,2
DA:269,2
DA:271,2
DA:273,4
DA:275,4
DA:279,2
LF:92
LH:69
BRDA:5,0,0,5
BRDA:13,1,0,60
BRDA:13,1,1,43
BRDA:18,2,0,60
BRDA:18,2,1,50
BRDA:31,3,0,1
BRDA:31,3,1,4
BRDA:31,4,0,5
BRDA:31,4,1,4
BRDA:51,5,0,0
BRDA:51,5,1,4
BRDA:64,6,0,2
BRDA:64,6,1,4
BRDA:64,7,0,6
BRDA:64,7,1,5
BRDA:78,8,0,2
BRDA:78,8,1,0
BRDA:97,9,0,1
BRDA:97,10,0,2
BRDA:97,11,0,9
BRDA:97,12,0,9
BRDA:99,13,0,2
BRDA:99,13,1,7
BRDA:99,14,0,9
BRDA:99,14,1,8
BRDA:126,15,0,1
BRDA:126,16,0,1
BRDA:126,17,0,4
BRDA:128,18,0,1
BRDA:128,18,1,3
BRDA:144,19,0,0
BRDA:144,19,1,0
BRDA:161,20,0,1
BRDA:161,21,0,2
BRDA:161,22,0,2
BRDA:161,23,0,2
BRDA:163,24,0,2
BRDA:163,24,1,10
BRDA:163,25,0,12
BRDA:163,25,1,11
BRDA:167,26,0,0
BRDA:167,26,1,10
BRDA:167,27,0,10
BRDA:167,27,1,10
BRDA:182,28,0,0
BRDA:182,28,1,0
BRDA:204,29,0,1
BRDA:204,30,0,2
BRDA:204,31,0,6
BRDA:205,32,0,2
BRDA:205,32,1,4
BRDA:205,33,0,6
BRDA:205,33,1,5
BRDA:266,34,0,2
BRF:54
BRH:47
end_of_record
TN:
SF:/home/ubuntu/services/amqphelp/app/helpers/base.js
FN:8,(anonymous_1)
FN:18,(anonymous_2)
FN:25,(anonymous_3)
FN:35,(anonymous_4)
FN:49,(anonymous_5)
FN:70,(anonymous_6)
FN:74,(anonymous_7)
FN:82,(anonymous_8)
FN:83,(anonymous_9)
FN:97,(anonymous_10)
FNF:10
FNH:9
FNDA:11,(anonymous_1)
FNDA:5,(anonymous_2)
FNDA:0,(anonymous_3)
FNDA:1,(anonymous_4)
FNDA:9,(anonymous_5)
FNDA:5,(anonymous_6)
FNDA:3,(anonymous_7)
FNDA:5,(anonymous_8)
FNDA:5,(anonymous_9)
FNDA:1,(anonymous_10)
DA:1,1
DA:2,1
DA:3,1
DA:4,1
DA:5,1
DA:7,1
DA:9,11
DA:10,11
DA:11,11
DA:12,11
DA:13,11
DA:14,11
DA:15,11
DA:19,5
DA:26,0
DA:36,1
DA:50,9
DA:51,1
DA:53,8
DA:54,1
DA:56,7
DA:57,1
DA:59,6
DA:60,1
DA:62,5
DA:64,5
DA:65,5
DA:67,5
DA:71,5
DA:72,5
DA:74,5
DA:75,3
DA:76,3
DA:77,3
DA:83,5
DA:84,5
DA:85,0
DA:86,0
DA:88,0
DA:90,5
DA:98,1
LF:41
LH:37
BRDA:50,0,0,1
BRDA:50,0,1,8
BRDA:53,1,0,1
BRDA:53,1,1,7
BRDA:56,2,0,1
BRDA:56,2,1,6
BRDA:59,3,0,1
BRDA:59,3,1,5
BRDA:84,4,0,0
BRDA:84,4,1,5
BRDA:85,5,0,0
BRDA:85,5,1,0
BRF:12
BRH:9
end_of_record
TN:
SF:/home/ubuntu/services/amqphelp/app/helpers/channel.helper.js
FN:4,(anonymous_6)
FN:17,(anonymous_7)
FN:17,(anonymous_8)
FNF:3
FNH:3
FNDA:61,(anonymous_6)
FNDA:9,(anonymous_7)
FNDA:9,(anonymous_8)
DA:6,61
DA:9,61
DA:12,61
DA:13,61
DA:14,61
DA:17,18
DA:18,9
DA:19,9
DA:21,0
DA:24,9
DA:25,3
DA:28,9
DA:29,1
DA:32,8
DA:33,1
DA:36,7
DA:38,7
DA:40,7
DA:42,7
DA:43,7
DA:45,4
DA:46,4
DA:48,0
DA:52,7
DA:53,3
DA:54,3
DA:55,3
DA:57,0
DA:61,4
DA:62,3
DA:64,3
DA:65,3
DA:66,0
DA:69,1
DA:70,1
DA:72,0
LF:36
LH:31
BRDA:4,0,0,0
BRDA:6,1,0,61
BRDA:6,1,1,61
BRDA:17,2,0,1
BRDA:17,3,0,2
BRDA:17,4,0,2
BRDA:18,5,0,9
BRDA:18,5,1,0
BRDA:19,6,0,9
BRDA:19,6,1,5
BRDA:21,7,0,0
BRDA:21,7,1,0
BRDA:24,8,0,3
BRDA:24,8,1,6
BRDA:25,9,0,0
BRDA:25,9,1,3
BRDA:28,10,0,1
BRDA:28,10,1,8
BRDA:32,11,0,1
BRDA:32,11,1,7
BRDA:32,12,0,8
BRDA:32,12,1,7
BRDA:45,13,0,4
BRDA:45,13,1,0
BRDA:52,14,0,3
BRDA:52,14,1,4
BRDA:61,15,0,3
BRDA:61,15,1,1
BRDA:61,16,0,4
BRDA:61,16,1,4
BRDA:69,17,0,1
BRDA:69,17,1,0
BRF:32
BRH:25
end_of_record
TN:
SF:/home/ubuntu/services/amqphelp/app/helpers/index.js
FN:4,(anonymous_1)
FNF:1
FNH:1
FNDA:1,(anonymous_1)
DA:1,1
DA:2,1
DA:4,1
DA:5,1
DA:7,1
DA:9,1
LF:6
LH:6
BRF:0
BRH:0
end_of_record
TN:
SF:/home/ubuntu/services/amqphelp/app/helpers/receiver.js
FN:4,(anonymous_0)
FN:9,(anonymous_1)
FN:15,(anonymous_2)
FN:22,(anonymous_3)
FN:26,(anonymous_4)
FN:30,(anonymous_5)
FN:34,(anonymous_6)
FN:36,(anonymous_7)
FN:41,(anonymous_8)
FN:43,(anonymous_9)
FN:48,(anonymous_10)
FN:50,(anonymous_11)
FNF:12
FNH:9
FNDA:9,(anonymous_0)
FNDA:9,(anonymous_1)
FNDA:3,(anonymous_2)
FNDA:1,(anonymous_3)
FNDA:1,(anonymous_4)
FNDA:1,(anonymous_5)
FNDA:1,(anonymous_6)
FNDA:0,(anonymous_7)
FNDA:1,(anonymous_8)
FNDA:0,(anonymous_9)
FNDA:1,(anonymous_10)
FNDA:0,(anonymous_11)
DA:3,1
DA:5,9
DA:6,9
DA:10,9
DA:11,9
DA:12,9
DA:16,3
DA:17,3
DA:18,3
DA:19,3
DA:23,1
DA:27,1
DA:31,1
DA:35,1
DA:36,0
DA:38,1
DA:42,1
DA:43,0
DA:45,1
DA:49,1
DA:50,0
DA:52,1
LF:22
LH:19
BRDA:35,0,0,0
BRDA:35,0,1,1
BRDA:42,1,0,0
BRDA:42,1,1,1
BRDA:49,2,0,0
BRDA:49,2,1,1
BRF:6
BRH:3
end_of_record
TN:
SF:/home/ubuntu/services/amqphelp/app/helpers/statuses.helper.js
FN:5,(anonymous_0)
FNF:1
FNH:1
FNDA:1,(anonymous_0)
DA:3,1
DA:5,1
DA:6,1
LF:3
LH:3
BRF:0
BRH:0
end_of_record
TN:
SF:/home/ubuntu/services/amqphelp/app/helpers/util.helper.js
FN:4,(anonymous_0)
FN:8,(anonymous_1)
FN:10,(anonymous_2)
FN:12,(anonymous_3)
FNF:4
FNH:4
FNDA:61,(anonymous_0)
FNDA:3,(anonymous_1)
FNDA:3,(anonymous_2)
FNDA:3,(anonymous_3)
DA:9,3
DA:10,3
DA:11,3
DA:12,3
DA:13,3
DA:16,0
LF:6
LH:5
BRDA:4,0,0,61
BRDA:8,1,0,0
BRDA:9,2,0,0
BRDA:9,2,1,3
BRDA:9,3,0,3
BRDA:9,3,1,0
BRF:6
BRH:3
end_of_record
